<?xml version="1.0" encoding="UTF-8"?>
<testng-results skipped="0" failed="0" total="1" passed="1">
  <reporter-output>
  </reporter-output>
  <suite name="Default suite" duration-ms="2725" started-at="2019-12-03T05:03:53Z" finished-at="2019-12-03T05:03:56Z">
    <groups>
    </groups>
    <test name="Default test" duration-ms="2725" started-at="2019-12-03T05:03:53Z" finished-at="2019-12-03T05:03:56Z">
      <class name="QA.getAPITest">
        <test-method status="PASS" signature="setup()[pri:0, instance:QA.getAPITest@39fb3ab6]" name="setup" is-config="true" duration-ms="20" started-at="2019-12-03T10:33:53Z" finished-at="2019-12-03T10:33:53Z">
          <reporter-output>
          </reporter-output>
        </test-method> <!-- setup -->
        <test-method status="PASS" signature="validateGet()[pri:0, instance:QA.getAPITest@39fb3ab6]" name="validateGet" duration-ms="2669" started-at="2019-12-03T10:33:53Z" finished-at="2019-12-03T10:33:55Z">
          <reporter-output>
          </reporter-output>
        </test-method> <!-- validateGet -->
      </class> <!-- QA.getAPITest -->
    </test> <!-- Default test -->
  </suite> <!-- Default suite -->
</testng-results>
